<?xml version="1.0" encoding="UTF-8"?>
<!-- Generated by org.testng.reporters.JUnitReportReporter -->
<testsuite hostname="HP-5CG1482SWP" failures="0" tests="1" name="com.poc.tests.Test2" time="4.885" errors="0" timestamp="2025-10-03T17:47:06 IST" skipped="0">
  <testcase classname="com.poc.tests.Test2" name="radioCheck" time="4.885"/>
</testsuite> <!-- com.poc.tests.Test2 -->
